DEBUG - 2018-01-11 10:01:37 --> UTF-8 Support Enabled
DEBUG - 2018-01-11 10:01:37 --> Global POST, GET and COOKIE data sanitized
DEBUG - 2018-01-11 10:01:39 --> UTF-8 Support Enabled
DEBUG - 2018-01-11 10:01:39 --> Global POST, GET and COOKIE data sanitized
DEBUG - 2018-01-11 10:01:59 --> UTF-8 Support Enabled
DEBUG - 2018-01-11 10:01:59 --> Global POST, GET and COOKIE data sanitized
ERROR - 2018-01-11 10:01:59 --> Severity: Error --> Class 'Base_Controller' not found D:\phpStudy\WWW\project\test\bzj4\application\controllers\Assurance.php 9
DEBUG - 2018-01-11 10:09:21 --> UTF-8 Support Enabled
DEBUG - 2018-01-11 10:09:21 --> Global POST, GET and COOKIE data sanitized
ERROR - 2018-01-11 10:09:21 --> Severity: Error --> Class 'CI_Base_Controller' not found D:\phpStudy\WWW\project\test\bzj4\application\controllers\Assurance.php 9
DEBUG - 2018-01-11 10:09:25 --> UTF-8 Support Enabled
DEBUG - 2018-01-11 10:09:25 --> Global POST, GET and COOKIE data sanitized
ERROR - 2018-01-11 10:09:25 --> Severity: Error --> Class 'CI_Base_Controller' not found D:\phpStudy\WWW\project\test\bzj4\application\controllers\Assurance.php 9
DEBUG - 2018-01-11 10:11:10 --> UTF-8 Support Enabled
DEBUG - 2018-01-11 10:11:10 --> Global POST, GET and COOKIE data sanitized
ERROR - 2018-01-11 10:11:10 --> Severity: Error --> Class 'CI_Base_Controller' not found D:\phpStudy\WWW\project\test\bzj4\application\controllers\Assurance.php 9
DEBUG - 2018-01-11 10:11:11 --> UTF-8 Support Enabled
DEBUG - 2018-01-11 10:11:11 --> Global POST, GET and COOKIE data sanitized
ERROR - 2018-01-11 10:11:11 --> Severity: Error --> Class 'CI_Base_Controller' not found D:\phpStudy\WWW\project\test\bzj4\application\controllers\Assurance.php 9
DEBUG - 2018-01-11 10:11:11 --> UTF-8 Support Enabled
DEBUG - 2018-01-11 10:11:11 --> Global POST, GET and COOKIE data sanitized
ERROR - 2018-01-11 10:11:11 --> Severity: Error --> Class 'CI_Base_Controller' not found D:\phpStudy\WWW\project\test\bzj4\application\controllers\Assurance.php 9
DEBUG - 2018-01-11 10:11:11 --> UTF-8 Support Enabled
DEBUG - 2018-01-11 10:11:11 --> Global POST, GET and COOKIE data sanitized
ERROR - 2018-01-11 10:11:11 --> Severity: Error --> Class 'CI_Base_Controller' not found D:\phpStudy\WWW\project\test\bzj4\application\controllers\Assurance.php 9
DEBUG - 2018-01-11 10:11:12 --> UTF-8 Support Enabled
DEBUG - 2018-01-11 10:11:12 --> Global POST, GET and COOKIE data sanitized
ERROR - 2018-01-11 10:11:12 --> Severity: Error --> Class 'CI_Base_Controller' not found D:\phpStudy\WWW\project\test\bzj4\application\controllers\Assurance.php 9
DEBUG - 2018-01-11 10:11:12 --> UTF-8 Support Enabled
DEBUG - 2018-01-11 10:11:12 --> Global POST, GET and COOKIE data sanitized
ERROR - 2018-01-11 10:11:12 --> Severity: Error --> Class 'CI_Base_Controller' not found D:\phpStudy\WWW\project\test\bzj4\application\controllers\Assurance.php 9
DEBUG - 2018-01-11 10:11:12 --> UTF-8 Support Enabled
DEBUG - 2018-01-11 10:11:12 --> Global POST, GET and COOKIE data sanitized
ERROR - 2018-01-11 10:11:12 --> Severity: Error --> Class 'CI_Base_Controller' not found D:\phpStudy\WWW\project\test\bzj4\application\controllers\Assurance.php 9
DEBUG - 2018-01-11 10:11:12 --> UTF-8 Support Enabled
DEBUG - 2018-01-11 10:11:12 --> Global POST, GET and COOKIE data sanitized
ERROR - 2018-01-11 10:11:12 --> Severity: Error --> Class 'CI_Base_Controller' not found D:\phpStudy\WWW\project\test\bzj4\application\controllers\Assurance.php 9
DEBUG - 2018-01-11 10:11:12 --> UTF-8 Support Enabled
DEBUG - 2018-01-11 10:11:12 --> Global POST, GET and COOKIE data sanitized
ERROR - 2018-01-11 10:11:12 --> Severity: Error --> Class 'CI_Base_Controller' not found D:\phpStudy\WWW\project\test\bzj4\application\controllers\Assurance.php 9
DEBUG - 2018-01-11 10:11:13 --> UTF-8 Support Enabled
DEBUG - 2018-01-11 10:11:13 --> Global POST, GET and COOKIE data sanitized
ERROR - 2018-01-11 10:11:13 --> Severity: Error --> Class 'CI_Base_Controller' not found D:\phpStudy\WWW\project\test\bzj4\application\controllers\Assurance.php 9
DEBUG - 2018-01-11 10:11:13 --> UTF-8 Support Enabled
DEBUG - 2018-01-11 10:11:13 --> Global POST, GET and COOKIE data sanitized
ERROR - 2018-01-11 10:11:13 --> Severity: Error --> Class 'CI_Base_Controller' not found D:\phpStudy\WWW\project\test\bzj4\application\controllers\Assurance.php 9
DEBUG - 2018-01-11 10:11:13 --> UTF-8 Support Enabled
DEBUG - 2018-01-11 10:11:13 --> Global POST, GET and COOKIE data sanitized
ERROR - 2018-01-11 10:11:13 --> Severity: Error --> Class 'CI_Base_Controller' not found D:\phpStudy\WWW\project\test\bzj4\application\controllers\Assurance.php 9
DEBUG - 2018-01-11 10:11:13 --> UTF-8 Support Enabled
DEBUG - 2018-01-11 10:11:13 --> Global POST, GET and COOKIE data sanitized
ERROR - 2018-01-11 10:11:13 --> Severity: Error --> Class 'CI_Base_Controller' not found D:\phpStudy\WWW\project\test\bzj4\application\controllers\Assurance.php 9
DEBUG - 2018-01-11 10:11:13 --> UTF-8 Support Enabled
DEBUG - 2018-01-11 10:11:13 --> Global POST, GET and COOKIE data sanitized
ERROR - 2018-01-11 10:11:13 --> Severity: Error --> Class 'CI_Base_Controller' not found D:\phpStudy\WWW\project\test\bzj4\application\controllers\Assurance.php 9
DEBUG - 2018-01-11 10:14:19 --> UTF-8 Support Enabled
DEBUG - 2018-01-11 10:14:19 --> Global POST, GET and COOKIE data sanitized
[2018-01-11 10:14:19][DEBUG] Util::writeJsonResult => [200] {
    "F2C224D4-2BCE-4C64-AF9F-A6D872000D1A": 1,
    "error": "ERR_CHECK_LOGIN_FAILED",
    "message": "请求头未包含 X-WX-Id，请配合客户端 SDK 登录后再进行请求"
}

DEBUG - 2018-01-11 10:14:19 --> Total execution time: 0.0210
